<configuration>
    <!--
        The logger in test mode doesn't work. This is a workaround:
        Call play with:
        play -Dlogger.file=conf/test-logger.xml
        Warning - it may cause memory leaks
    -->
    <conversionRule conversionWord="coloredLevel" converterClass="play.api.Logger$ColoredLevel" />

    <appender name="STDOUT" class="ch.qos.logback.core.ConsoleAppender">
        <encoder><pattern>%coloredLevel [%logger{10}] %message%n%xException{5}</pattern></encoder>
    </appender>

    <logger name="play" level="ERROR" />
    <logger name="application" level="DEBUG" />
    <logger name="tests" level="DEBUG" />
    <logger name="qti" level="DEBUG" />
    <logger name="assets-loader" level="DEBUG" />
    <logger name="tests" level="DEBUG" />


    <root level="ALL">
        <appender-ref ref="STDOUT" />
    </root>
</configuration>